Step 0:
File: test_result/stepped_test_proof_trace/stepped_lean_test_proof_trace/step_0.lean
Output:
step_0.lean:14:0: error: unexpected end of input; expected '{'
step_0.lean:13:2: error: unsolved goals
âŠ¢ TendsTo (fun n => 37) 37
Exit Code: 1
